The target system is: Retro68 - 1 - 
The host system is: Linux - 5.11.0-27-generic - x86_64
Compiling the C compiler identification source file "CMakeCCompilerId.c" succeeded.
Compiler: /home/camh/Retro68-build/toolchain/bin/m68k-apple-macos-gcc 
Build flags: 
Id flags:  

The output was:
0


Compilation of the C compiler identification source "CMakeCCompilerId.c" produced "a.out"

Compilation of the C compiler identification source "CMakeCCompilerId.c" produced "a.out.gdb"

The C compiler identification is GNU, found in "/home/camh/Documents/Retro68kApps/NuklearQuickDraw/build/CMakeFiles/3.16.3/CompilerIdC/a.out.gdb"

Compiling the CXX compiler identification source file "CMakeCXXCompilerId.cpp" succeeded.
Compiler: /home/camh/Retro68-build/toolchain/bin/m68k-apple-macos-g++ 
Build flags: 
Id flags:  

The output was:
0


Compilation of the CXX compiler identification source "CMakeCXXCompilerId.cpp" produced "a.out"

Compilation of the CXX compiler identification source "CMakeCXXCompilerId.cpp" produced "a.out.gdb"

The CXX compiler identification is GNU, found in "/home/camh/Documents/Retro68kApps/NuklearQuickDraw/build/CMakeFiles/3.16.3/CompilerIdCXX/a.out.gdb"

Determining if the C compiler works passed with the following output:
Change Dir: /home/camh/Documents/Retro68kApps/NuklearQuickDraw/build/CMakeFiles/CMakeTmp

Run Build Command(s):/usr/bin/make cmTC_34648/fast && /usr/bin/make -f CMakeFiles/cmTC_34648.dir/build.make CMakeFiles/cmTC_34648.dir/build
make[1]: Entering directory '/home/camh/Documents/Retro68kApps/NuklearQuickDraw/build/CMakeFiles/CMakeTmp'
Building C object CMakeFiles/cmTC_34648.dir/testCCompiler.c.obj
/home/camh/Retro68-build/toolchain/bin/m68k-apple-macos-gcc    -o CMakeFiles/cmTC_34648.dir/testCCompiler.c.obj   -c /home/camh/Documents/Retro68kApps/NuklearQuickDraw/build/CMakeFiles/CMakeTmp/testCCompiler.c
Linking C executable cmTC_34648
/usr/bin/cmake -E cmake_link_script CMakeFiles/cmTC_34648.dir/link.txt --verbose=1
/home/camh/Retro68-build/toolchain/bin/m68k-apple-macos-gcc      CMakeFiles/cmTC_34648.dir/testCCompiler.c.obj  -o cmTC_34648 
make[1]: Leaving directory '/home/camh/Documents/Retro68kApps/NuklearQuickDraw/build/CMakeFiles/CMakeTmp'



Detecting C compiler ABI info compiled with the following output:
Change Dir: /home/camh/Documents/Retro68kApps/NuklearQuickDraw/build/CMakeFiles/CMakeTmp

Run Build Command(s):/usr/bin/make cmTC_2b078/fast && /usr/bin/make -f CMakeFiles/cmTC_2b078.dir/build.make CMakeFiles/cmTC_2b078.dir/build
make[1]: Entering directory '/home/camh/Documents/Retro68kApps/NuklearQuickDraw/build/CMakeFiles/CMakeTmp'
Building C object CMakeFiles/cmTC_2b078.dir/CMakeCCompilerABI.c.obj
/home/camh/Retro68-build/toolchain/bin/m68k-apple-macos-gcc   -v -o CMakeFiles/cmTC_2b078.dir/CMakeCCompilerABI.c.obj   -c /usr/share/cmake-3.16/Modules/CMakeCCompilerABI.c
Using built-in specs.
COLLECT_GCC=/home/camh/Retro68-build/toolchain/bin/m68k-apple-macos-gcc
Target: m68k-apple-macos
Configured with: /home/camh/Retro68/gcc/configure --target=m68k-apple-macos --prefix=/home/camh/Retro68-build/toolchain/ --enable-languages=c,c++ --with-arch=m68k --with-cpu=m68000 --disable-libssp MAKEINFO=missing
Thread model: single
gcc version 9.1.0 (GCC) 
COLLECT_GCC_OPTIONS='-v' '-o' 'CMakeFiles/cmTC_2b078.dir/CMakeCCompilerABI.c.obj' '-c' '-mcpu=68000'
 /home/camh/Retro68-build/toolchain/libexec/gcc/m68k-apple-macos/9.1.0/cc1 -quiet -v -Wno-trigraphs /usr/share/cmake-3.16/Modules/CMakeCCompilerABI.c -quiet -dumpbase CMakeCCompilerABI.c -mcpu=68000 -auxbase-strip CMakeFiles/cmTC_2b078.dir/CMakeCCompilerABI.c.obj -version -o /tmp/ccZKR5f0.s
GNU C17 (GCC) version 9.1.0 (m68k-apple-macos)
	compiled by GNU C version 9.3.0, GMP version 6.2.0, MPFR version 4.0.2, MPC version 1.1.0, isl version none
GGC heuristics: --param ggc-min-expand=100 --param ggc-min-heapsize=131072
ignoring nonexistent directory "/home/camh/Retro68-build/toolchain/lib/gcc/m68k-apple-macos/9.1.0/../../../../m68k-apple-macos/sys-include"
#include "..." search starts here:
#include <...> search starts here:
 /home/camh/Retro68-build/toolchain/lib/gcc/m68k-apple-macos/9.1.0/include
 /home/camh/Retro68-build/toolchain/lib/gcc/m68k-apple-macos/9.1.0/include-fixed
 /home/camh/Retro68-build/toolchain/lib/gcc/m68k-apple-macos/9.1.0/../../../../m68k-apple-macos/include
End of search list.
GNU C17 (GCC) version 9.1.0 (m68k-apple-macos)
	compiled by GNU C version 9.3.0, GMP version 6.2.0, MPFR version 4.0.2, MPC version 1.1.0, isl version none
GGC heuristics: --param ggc-min-expand=100 --param ggc-min-heapsize=131072
Compiler executable checksum: 68baab70957df643ffb4605a09112146
COLLECT_GCC_OPTIONS='-v' '-o' 'CMakeFiles/cmTC_2b078.dir/CMakeCCompilerABI.c.obj' '-c' '-mcpu=68000'
 /home/camh/Retro68-build/toolchain/lib/gcc/m68k-apple-macos/9.1.0/../../../../m68k-apple-macos/bin/as -mcpu=68000 -o CMakeFiles/cmTC_2b078.dir/CMakeCCompilerABI.c.obj /tmp/ccZKR5f0.s
COMPILER_PATH=/home/camh/Retro68-build/toolchain/libexec/gcc/m68k-apple-macos/9.1.0/:/home/camh/Retro68-build/toolchain/libexec/gcc/m68k-apple-macos/9.1.0/:/home/camh/Retro68-build/toolchain/libexec/gcc/m68k-apple-macos/:/home/camh/Retro68-build/toolchain/lib/gcc/m68k-apple-macos/9.1.0/:/home/camh/Retro68-build/toolchain/lib/gcc/m68k-apple-macos/:/home/camh/Retro68-build/toolchain/lib/gcc/m68k-apple-macos/9.1.0/../../../../m68k-apple-macos/bin/
LIBRARY_PATH=/home/camh/Retro68-build/toolchain/lib/gcc/m68k-apple-macos/9.1.0/:/home/camh/Retro68-build/toolchain/lib/gcc/m68k-apple-macos/9.1.0/../../../../m68k-apple-macos/lib/
COLLECT_GCC_OPTIONS='-v' '-o' 'CMakeFiles/cmTC_2b078.dir/CMakeCCompilerABI.c.obj' '-c' '-mcpu=68000'
Linking C executable cmTC_2b078
/usr/bin/cmake -E cmake_link_script CMakeFiles/cmTC_2b078.dir/link.txt --verbose=1
/home/camh/Retro68-build/toolchain/bin/m68k-apple-macos-gcc     -v CMakeFiles/cmTC_2b078.dir/CMakeCCompilerABI.c.obj  -o cmTC_2b078 
Using built-in specs.
COLLECT_GCC=/home/camh/Retro68-build/toolchain/bin/m68k-apple-macos-gcc
COLLECT_LTO_WRAPPER=/home/camh/Retro68-build/toolchain/libexec/gcc/m68k-apple-macos/9.1.0/lto-wrapper
Target: m68k-apple-macos
Configured with: /home/camh/Retro68/gcc/configure --target=m68k-apple-macos --prefix=/home/camh/Retro68-build/toolchain/ --enable-languages=c,c++ --with-arch=m68k --with-cpu=m68000 --disable-libssp MAKEINFO=missing
Thread model: single
gcc version 9.1.0 (GCC) 
COMPILER_PATH=/home/camh/Retro68-build/toolchain/libexec/gcc/m68k-apple-macos/9.1.0/:/home/camh/Retro68-build/toolchain/libexec/gcc/m68k-apple-macos/9.1.0/:/home/camh/Retro68-build/toolchain/libexec/gcc/m68k-apple-macos/:/home/camh/Retro68-build/toolchain/lib/gcc/m68k-apple-macos/9.1.0/:/home/camh/Retro68-build/toolchain/lib/gcc/m68k-apple-macos/:/home/camh/Retro68-build/toolchain/lib/gcc/m68k-apple-macos/9.1.0/../../../../m68k-apple-macos/bin/
LIBRARY_PATH=/home/camh/Retro68-build/toolchain/lib/gcc/m68k-apple-macos/9.1.0/:/home/camh/Retro68-build/toolchain/lib/gcc/m68k-apple-macos/9.1.0/../../../../m68k-apple-macos/lib/
COLLECT_GCC_OPTIONS='-v' '-o' 'cmTC_2b078' '-mcpu=68000'
 /home/camh/Retro68-build/toolchain/libexec/gcc/m68k-apple-macos/9.1.0/collect2 -plugin /home/camh/Retro68-build/toolchain/libexec/gcc/m68k-apple-macos/9.1.0/liblto_plugin.so -plugin-opt=/home/camh/Retro68-build/toolchain/libexec/gcc/m68k-apple-macos/9.1.0/lto-wrapper -plugin-opt=-fresolution=/tmp/ccmVsDhC.res -plugin-opt=-pass-through=-lgcc -plugin-opt=-pass-through=-lc -plugin-opt=-pass-through=-lretrocrt -plugin-opt=-pass-through=-lInterface -elf2mac -q -undefined=_consolewrite -o cmTC_2b078 -L/home/camh/Retro68-build/toolchain/lib/gcc/m68k-apple-macos/9.1.0 -L/home/camh/Retro68-build/toolchain/lib/gcc/m68k-apple-macos/9.1.0/../../../../m68k-apple-macos/lib CMakeFiles/cmTC_2b078.dir/CMakeCCompilerABI.c.obj --start-group -lgcc -lc -lretrocrt -lInterface --end-group
COLLECT_GCC_OPTIONS='-v' '-o' 'cmTC_2b078' '-mcpu=68000'
make[1]: Leaving directory '/home/camh/Documents/Retro68kApps/NuklearQuickDraw/build/CMakeFiles/CMakeTmp'



Parsed C implicit include dir info from above output: rv=done
  found start of include info
  found start of implicit include info
    add: [/home/camh/Retro68-build/toolchain/lib/gcc/m68k-apple-macos/9.1.0/include]
    add: [/home/camh/Retro68-build/toolchain/lib/gcc/m68k-apple-macos/9.1.0/include-fixed]
    add: [/home/camh/Retro68-build/toolchain/lib/gcc/m68k-apple-macos/9.1.0/../../../../m68k-apple-macos/include]
  end of search list found
  collapse include dir [/home/camh/Retro68-build/toolchain/lib/gcc/m68k-apple-macos/9.1.0/include] ==> [/home/camh/Retro68-build/toolchain/lib/gcc/m68k-apple-macos/9.1.0/include]
  collapse include dir [/home/camh/Retro68-build/toolchain/lib/gcc/m68k-apple-macos/9.1.0/include-fixed] ==> [/home/camh/Retro68-build/toolchain/lib/gcc/m68k-apple-macos/9.1.0/include-fixed]
  collapse include dir [/home/camh/Retro68-build/toolchain/lib/gcc/m68k-apple-macos/9.1.0/../../../../m68k-apple-macos/include] ==> [/home/camh/Retro68-build/toolchain/m68k-apple-macos/include]
  implicit include dirs: [/home/camh/Retro68-build/toolchain/lib/gcc/m68k-apple-macos/9.1.0/include;/home/camh/Retro68-build/toolchain/lib/gcc/m68k-apple-macos/9.1.0/include-fixed;/home/camh/Retro68-build/toolchain/m68k-apple-macos/include]


Parsed C implicit link information from above output:
  link line regex: [^( *|.*[/\])(m68k-apple-macos-ld|CMAKE_LINK_STARTFILE-NOTFOUND|([^/\]+-)?ld|collect2)[^/\]*( |$)]
  ignore line: [Change Dir: /home/camh/Documents/Retro68kApps/NuklearQuickDraw/build/CMakeFiles/CMakeTmp]
  ignore line: []
  ignore line: [Run Build Command(s):/usr/bin/make cmTC_2b078/fast && /usr/bin/make -f CMakeFiles/cmTC_2b078.dir/build.make CMakeFiles/cmTC_2b078.dir/build]
  ignore line: [make[1]: Entering directory '/home/camh/Documents/Retro68kApps/NuklearQuickDraw/build/CMakeFiles/CMakeTmp']
  ignore line: [Building C object CMakeFiles/cmTC_2b078.dir/CMakeCCompilerABI.c.obj]
  ignore line: [/home/camh/Retro68-build/toolchain/bin/m68k-apple-macos-gcc   -v -o CMakeFiles/cmTC_2b078.dir/CMakeCCompilerABI.c.obj   -c /usr/share/cmake-3.16/Modules/CMakeCCompilerABI.c]
  ignore line: [Using built-in specs.]
  ignore line: [COLLECT_GCC=/home/camh/Retro68-build/toolchain/bin/m68k-apple-macos-gcc]
  ignore line: [Target: m68k-apple-macos]
  ignore line: [Configured with: /home/camh/Retro68/gcc/configure --target=m68k-apple-macos --prefix=/home/camh/Retro68-build/toolchain/ --enable-languages=c c++ --with-arch=m68k --with-cpu=m68000 --disable-libssp MAKEINFO=missing]
  ignore line: [Thread model: single]
  ignore line: [gcc version 9.1.0 (GCC) ]
  ignore line: [COLLECT_GCC_OPTIONS='-v' '-o' 'CMakeFiles/cmTC_2b078.dir/CMakeCCompilerABI.c.obj' '-c' '-mcpu=68000']
  ignore line: [ /home/camh/Retro68-build/toolchain/libexec/gcc/m68k-apple-macos/9.1.0/cc1 -quiet -v -Wno-trigraphs /usr/share/cmake-3.16/Modules/CMakeCCompilerABI.c -quiet -dumpbase CMakeCCompilerABI.c -mcpu=68000 -auxbase-strip CMakeFiles/cmTC_2b078.dir/CMakeCCompilerABI.c.obj -version -o /tmp/ccZKR5f0.s]
  ignore line: [GNU C17 (GCC) version 9.1.0 (m68k-apple-macos)]
  ignore line: [	compiled by GNU C version 9.3.0  GMP version 6.2.0  MPFR version 4.0.2  MPC version 1.1.0  isl version none]
  ignore line: [GGC heuristics: --param ggc-min-expand=100 --param ggc-min-heapsize=131072]
  ignore line: [ignoring nonexistent directory "/home/camh/Retro68-build/toolchain/lib/gcc/m68k-apple-macos/9.1.0/../../../../m68k-apple-macos/sys-include"]
  ignore line: [#include "..." search starts here:]
  ignore line: [#include <...> search starts here:]
  ignore line: [ /home/camh/Retro68-build/toolchain/lib/gcc/m68k-apple-macos/9.1.0/include]
  ignore line: [ /home/camh/Retro68-build/toolchain/lib/gcc/m68k-apple-macos/9.1.0/include-fixed]
  ignore line: [ /home/camh/Retro68-build/toolchain/lib/gcc/m68k-apple-macos/9.1.0/../../../../m68k-apple-macos/include]
  ignore line: [End of search list.]
  ignore line: [GNU C17 (GCC) version 9.1.0 (m68k-apple-macos)]
  ignore line: [	compiled by GNU C version 9.3.0  GMP version 6.2.0  MPFR version 4.0.2  MPC version 1.1.0  isl version none]
  ignore line: [GGC heuristics: --param ggc-min-expand=100 --param ggc-min-heapsize=131072]
  ignore line: [Compiler executable checksum: 68baab70957df643ffb4605a09112146]
  ignore line: [COLLECT_GCC_OPTIONS='-v' '-o' 'CMakeFiles/cmTC_2b078.dir/CMakeCCompilerABI.c.obj' '-c' '-mcpu=68000']
  ignore line: [ /home/camh/Retro68-build/toolchain/lib/gcc/m68k-apple-macos/9.1.0/../../../../m68k-apple-macos/bin/as -mcpu=68000 -o CMakeFiles/cmTC_2b078.dir/CMakeCCompilerABI.c.obj /tmp/ccZKR5f0.s]
  ignore line: [COMPILER_PATH=/home/camh/Retro68-build/toolchain/libexec/gcc/m68k-apple-macos/9.1.0/:/home/camh/Retro68-build/toolchain/libexec/gcc/m68k-apple-macos/9.1.0/:/home/camh/Retro68-build/toolchain/libexec/gcc/m68k-apple-macos/:/home/camh/Retro68-build/toolchain/lib/gcc/m68k-apple-macos/9.1.0/:/home/camh/Retro68-build/toolchain/lib/gcc/m68k-apple-macos/:/home/camh/Retro68-build/toolchain/lib/gcc/m68k-apple-macos/9.1.0/../../../../m68k-apple-macos/bin/]
  ignore line: [LIBRARY_PATH=/home/camh/Retro68-build/toolchain/lib/gcc/m68k-apple-macos/9.1.0/:/home/camh/Retro68-build/toolchain/lib/gcc/m68k-apple-macos/9.1.0/../../../../m68k-apple-macos/lib/]
  ignore line: [COLLECT_GCC_OPTIONS='-v' '-o' 'CMakeFiles/cmTC_2b078.dir/CMakeCCompilerABI.c.obj' '-c' '-mcpu=68000']
  ignore line: [Linking C executable cmTC_2b078]
  ignore line: [/usr/bin/cmake -E cmake_link_script CMakeFiles/cmTC_2b078.dir/link.txt --verbose=1]
  ignore line: [/home/camh/Retro68-build/toolchain/bin/m68k-apple-macos-gcc     -v CMakeFiles/cmTC_2b078.dir/CMakeCCompilerABI.c.obj  -o cmTC_2b078 ]
  ignore line: [Using built-in specs.]
  ignore line: [COLLECT_GCC=/home/camh/Retro68-build/toolchain/bin/m68k-apple-macos-gcc]
  ignore line: [COLLECT_LTO_WRAPPER=/home/camh/Retro68-build/toolchain/libexec/gcc/m68k-apple-macos/9.1.0/lto-wrapper]
  ignore line: [Target: m68k-apple-macos]
  ignore line: [Configured with: /home/camh/Retro68/gcc/configure --target=m68k-apple-macos --prefix=/home/camh/Retro68-build/toolchain/ --enable-languages=c c++ --with-arch=m68k --with-cpu=m68000 --disable-libssp MAKEINFO=missing]
  ignore line: [Thread model: single]
  ignore line: [gcc version 9.1.0 (GCC) ]
  ignore line: [COMPILER_PATH=/home/camh/Retro68-build/toolchain/libexec/gcc/m68k-apple-macos/9.1.0/:/home/camh/Retro68-build/toolchain/libexec/gcc/m68k-apple-macos/9.1.0/:/home/camh/Retro68-build/toolchain/libexec/gcc/m68k-apple-macos/:/home/camh/Retro68-build/toolchain/lib/gcc/m68k-apple-macos/9.1.0/:/home/camh/Retro68-build/toolchain/lib/gcc/m68k-apple-macos/:/home/camh/Retro68-build/toolchain/lib/gcc/m68k-apple-macos/9.1.0/../../../../m68k-apple-macos/bin/]
  ignore line: [LIBRARY_PATH=/home/camh/Retro68-build/toolchain/lib/gcc/m68k-apple-macos/9.1.0/:/home/camh/Retro68-build/toolchain/lib/gcc/m68k-apple-macos/9.1.0/../../../../m68k-apple-macos/lib/]
  ignore line: [COLLECT_GCC_OPTIONS='-v' '-o' 'cmTC_2b078' '-mcpu=68000']
  link line: [ /home/camh/Retro68-build/toolchain/libexec/gcc/m68k-apple-macos/9.1.0/collect2 -plugin /home/camh/Retro68-build/toolchain/libexec/gcc/m68k-apple-macos/9.1.0/liblto_plugin.so -plugin-opt=/home/camh/Retro68-build/toolchain/libexec/gcc/m68k-apple-macos/9.1.0/lto-wrapper -plugin-opt=-fresolution=/tmp/ccmVsDhC.res -plugin-opt=-pass-through=-lgcc -plugin-opt=-pass-through=-lc -plugin-opt=-pass-through=-lretrocrt -plugin-opt=-pass-through=-lInterface -elf2mac -q -undefined=_consolewrite -o cmTC_2b078 -L/home/camh/Retro68-build/toolchain/lib/gcc/m68k-apple-macos/9.1.0 -L/home/camh/Retro68-build/toolchain/lib/gcc/m68k-apple-macos/9.1.0/../../../../m68k-apple-macos/lib CMakeFiles/cmTC_2b078.dir/CMakeCCompilerABI.c.obj --start-group -lgcc -lc -lretrocrt -lInterface --end-group]
    arg [/home/camh/Retro68-build/toolchain/libexec/gcc/m68k-apple-macos/9.1.0/collect2] ==> ignore
    arg [-plugin] ==> ignore
    arg [/home/camh/Retro68-build/toolchain/libexec/gcc/m68k-apple-macos/9.1.0/liblto_plugin.so] ==> ignore
    arg [-plugin-opt=/home/camh/Retro68-build/toolchain/libexec/gcc/m68k-apple-macos/9.1.0/lto-wrapper] ==> ignore
    arg [-plugin-opt=-fresolution=/tmp/ccmVsDhC.res] ==> ignore
    arg [-plugin-opt=-pass-through=-lgcc] ==> ignore
    arg [-plugin-opt=-pass-through=-lc] ==> ignore
    arg [-plugin-opt=-pass-through=-lretrocrt] ==> ignore
    arg [-plugin-opt=-pass-through=-lInterface] ==> ignore
    arg [-elf2mac] ==> ignore
    arg [-q] ==> ignore
    arg [-undefined=_consolewrite] ==> ignore
    arg [-o] ==> ignore
    arg [cmTC_2b078] ==> ignore
    arg [-L/home/camh/Retro68-build/toolchain/lib/gcc/m68k-apple-macos/9.1.0] ==> dir [/home/camh/Retro68-build/toolchain/lib/gcc/m68k-apple-macos/9.1.0]
    arg [-L/home/camh/Retro68-build/toolchain/lib/gcc/m68k-apple-macos/9.1.0/../../../../m68k-apple-macos/lib] ==> dir [/home/camh/Retro68-build/toolchain/lib/gcc/m68k-apple-macos/9.1.0/../../../../m68k-apple-macos/lib]
    arg [CMakeFiles/cmTC_2b078.dir/CMakeCCompilerABI.c.obj] ==> ignore
    arg [--start-group] ==> ignore
    arg [-lgcc] ==> lib [gcc]
    arg [-lc] ==> lib [c]
    arg [-lretrocrt] ==> lib [retrocrt]
    arg [-lInterface] ==> lib [Interface]
    arg [--end-group] ==> ignore
  collapse library dir [/home/camh/Retro68-build/toolchain/lib/gcc/m68k-apple-macos/9.1.0] ==> [/home/camh/Retro68-build/toolchain/lib/gcc/m68k-apple-macos/9.1.0]
  collapse library dir [/home/camh/Retro68-build/toolchain/lib/gcc/m68k-apple-macos/9.1.0/../../../../m68k-apple-macos/lib] ==> [/home/camh/Retro68-build/toolchain/m68k-apple-macos/lib]
  implicit libs: [gcc;c;retrocrt;Interface]
  implicit dirs: [/home/camh/Retro68-build/toolchain/lib/gcc/m68k-apple-macos/9.1.0;/home/camh/Retro68-build/toolchain/m68k-apple-macos/lib]
  implicit fwks: []


Determining if the CXX compiler works passed with the following output:
Change Dir: /home/camh/Documents/Retro68kApps/NuklearQuickDraw/build/CMakeFiles/CMakeTmp

Run Build Command(s):/usr/bin/make cmTC_a430c/fast && /usr/bin/make -f CMakeFiles/cmTC_a430c.dir/build.make CMakeFiles/cmTC_a430c.dir/build
make[1]: Entering directory '/home/camh/Documents/Retro68kApps/NuklearQuickDraw/build/CMakeFiles/CMakeTmp'
Building CXX object CMakeFiles/cmTC_a430c.dir/testCXXCompiler.cxx.obj
/home/camh/Retro68-build/toolchain/bin/m68k-apple-macos-g++     -o CMakeFiles/cmTC_a430c.dir/testCXXCompiler.cxx.obj -c /home/camh/Documents/Retro68kApps/NuklearQuickDraw/build/CMakeFiles/CMakeTmp/testCXXCompiler.cxx
Linking CXX executable cmTC_a430c
/usr/bin/cmake -E cmake_link_script CMakeFiles/cmTC_a430c.dir/link.txt --verbose=1
/home/camh/Retro68-build/toolchain/bin/m68k-apple-macos-g++       CMakeFiles/cmTC_a430c.dir/testCXXCompiler.cxx.obj  -o cmTC_a430c 
make[1]: Leaving directory '/home/camh/Documents/Retro68kApps/NuklearQuickDraw/build/CMakeFiles/CMakeTmp'



Detecting CXX compiler ABI info compiled with the following output:
Change Dir: /home/camh/Documents/Retro68kApps/NuklearQuickDraw/build/CMakeFiles/CMakeTmp

Run Build Command(s):/usr/bin/make cmTC_ec149/fast && /usr/bin/make -f CMakeFiles/cmTC_ec149.dir/build.make CMakeFiles/cmTC_ec149.dir/build
make[1]: Entering directory '/home/camh/Documents/Retro68kApps/NuklearQuickDraw/build/CMakeFiles/CMakeTmp'
Building CXX object CMakeFiles/cmTC_ec149.dir/CMakeCXXCompilerABI.cpp.obj
/home/camh/Retro68-build/toolchain/bin/m68k-apple-macos-g++    -v -o CMakeFiles/cmTC_ec149.dir/CMakeCXXCompilerABI.cpp.obj -c /usr/share/cmake-3.16/Modules/CMakeCXXCompilerABI.cpp
Using built-in specs.
COLLECT_GCC=/home/camh/Retro68-build/toolchain/bin/m68k-apple-macos-g++
Target: m68k-apple-macos
Configured with: /home/camh/Retro68/gcc/configure --target=m68k-apple-macos --prefix=/home/camh/Retro68-build/toolchain/ --enable-languages=c,c++ --with-arch=m68k --with-cpu=m68000 --disable-libssp MAKEINFO=missing
Thread model: single
gcc version 9.1.0 (GCC) 
COLLECT_GCC_OPTIONS='-v' '-o' 'CMakeFiles/cmTC_ec149.dir/CMakeCXXCompilerABI.cpp.obj' '-c' '-mcpu=68000'
 /home/camh/Retro68-build/toolchain/libexec/gcc/m68k-apple-macos/9.1.0/cc1plus -quiet -v -Wno-trigraphs /usr/share/cmake-3.16/Modules/CMakeCXXCompilerABI.cpp -quiet -dumpbase CMakeCXXCompilerABI.cpp -mcpu=68000 -auxbase-strip CMakeFiles/cmTC_ec149.dir/CMakeCXXCompilerABI.cpp.obj -version -o /tmp/cc58RCfk.s
GNU C++14 (GCC) version 9.1.0 (m68k-apple-macos)
	compiled by GNU C version 9.3.0, GMP version 6.2.0, MPFR version 4.0.2, MPC version 1.1.0, isl version none
GGC heuristics: --param ggc-min-expand=100 --param ggc-min-heapsize=131072
ignoring nonexistent directory "/home/camh/Retro68-build/toolchain/lib/gcc/m68k-apple-macos/9.1.0/../../../../m68k-apple-macos/sys-include"
#include "..." search starts here:
#include <...> search starts here:
 /home/camh/Retro68-build/toolchain/lib/gcc/m68k-apple-macos/9.1.0/../../../../m68k-apple-macos/include/c++/9.1.0
 /home/camh/Retro68-build/toolchain/lib/gcc/m68k-apple-macos/9.1.0/../../../../m68k-apple-macos/include/c++/9.1.0/m68k-apple-macos
 /home/camh/Retro68-build/toolchain/lib/gcc/m68k-apple-macos/9.1.0/../../../../m68k-apple-macos/include/c++/9.1.0/backward
 /home/camh/Retro68-build/toolchain/lib/gcc/m68k-apple-macos/9.1.0/include
 /home/camh/Retro68-build/toolchain/lib/gcc/m68k-apple-macos/9.1.0/include-fixed
 /home/camh/Retro68-build/toolchain/lib/gcc/m68k-apple-macos/9.1.0/../../../../m68k-apple-macos/include
End of search list.
GNU C++14 (GCC) version 9.1.0 (m68k-apple-macos)
	compiled by GNU C version 9.3.0, GMP version 6.2.0, MPFR version 4.0.2, MPC version 1.1.0, isl version none
GGC heuristics: --param ggc-min-expand=100 --param ggc-min-heapsize=131072
Compiler executable checksum: 5b31867a30cfa7e65d4bce12c39f8a21
COLLECT_GCC_OPTIONS='-v' '-o' 'CMakeFiles/cmTC_ec149.dir/CMakeCXXCompilerABI.cpp.obj' '-c' '-mcpu=68000'
 /home/camh/Retro68-build/toolchain/lib/gcc/m68k-apple-macos/9.1.0/../../../../m68k-apple-macos/bin/as -mcpu=68000 -o CMakeFiles/cmTC_ec149.dir/CMakeCXXCompilerABI.cpp.obj /tmp/cc58RCfk.s
COMPILER_PATH=/home/camh/Retro68-build/toolchain/libexec/gcc/m68k-apple-macos/9.1.0/:/home/camh/Retro68-build/toolchain/libexec/gcc/m68k-apple-macos/9.1.0/:/home/camh/Retro68-build/toolchain/libexec/gcc/m68k-apple-macos/:/home/camh/Retro68-build/toolchain/lib/gcc/m68k-apple-macos/9.1.0/:/home/camh/Retro68-build/toolchain/lib/gcc/m68k-apple-macos/:/home/camh/Retro68-build/toolchain/lib/gcc/m68k-apple-macos/9.1.0/../../../../m68k-apple-macos/bin/
LIBRARY_PATH=/home/camh/Retro68-build/toolchain/lib/gcc/m68k-apple-macos/9.1.0/:/home/camh/Retro68-build/toolchain/lib/gcc/m68k-apple-macos/9.1.0/../../../../m68k-apple-macos/lib/
COLLECT_GCC_OPTIONS='-v' '-o' 'CMakeFiles/cmTC_ec149.dir/CMakeCXXCompilerABI.cpp.obj' '-c' '-mcpu=68000'
Linking CXX executable cmTC_ec149
/usr/bin/cmake -E cmake_link_script CMakeFiles/cmTC_ec149.dir/link.txt --verbose=1
/home/camh/Retro68-build/toolchain/bin/m68k-apple-macos-g++      -v CMakeFiles/cmTC_ec149.dir/CMakeCXXCompilerABI.cpp.obj  -o cmTC_ec149 
Using built-in specs.
COLLECT_GCC=/home/camh/Retro68-build/toolchain/bin/m68k-apple-macos-g++
COLLECT_LTO_WRAPPER=/home/camh/Retro68-build/toolchain/libexec/gcc/m68k-apple-macos/9.1.0/lto-wrapper
Target: m68k-apple-macos
Configured with: /home/camh/Retro68/gcc/configure --target=m68k-apple-macos --prefix=/home/camh/Retro68-build/toolchain/ --enable-languages=c,c++ --with-arch=m68k --with-cpu=m68000 --disable-libssp MAKEINFO=missing
Thread model: single
gcc version 9.1.0 (GCC) 
COMPILER_PATH=/home/camh/Retro68-build/toolchain/libexec/gcc/m68k-apple-macos/9.1.0/:/home/camh/Retro68-build/toolchain/libexec/gcc/m68k-apple-macos/9.1.0/:/home/camh/Retro68-build/toolchain/libexec/gcc/m68k-apple-macos/:/home/camh/Retro68-build/toolchain/lib/gcc/m68k-apple-macos/9.1.0/:/home/camh/Retro68-build/toolchain/lib/gcc/m68k-apple-macos/:/home/camh/Retro68-build/toolchain/lib/gcc/m68k-apple-macos/9.1.0/../../../../m68k-apple-macos/bin/
LIBRARY_PATH=/home/camh/Retro68-build/toolchain/lib/gcc/m68k-apple-macos/9.1.0/:/home/camh/Retro68-build/toolchain/lib/gcc/m68k-apple-macos/9.1.0/../../../../m68k-apple-macos/lib/
COLLECT_GCC_OPTIONS='-v' '-o' 'cmTC_ec149' '-mcpu=68000'
 /home/camh/Retro68-build/toolchain/libexec/gcc/m68k-apple-macos/9.1.0/collect2 -plugin /home/camh/Retro68-build/toolchain/libexec/gcc/m68k-apple-macos/9.1.0/liblto_plugin.so -plugin-opt=/home/camh/Retro68-build/toolchain/libexec/gcc/m68k-apple-macos/9.1.0/lto-wrapper -plugin-opt=-fresolution=/tmp/ccPhpacO.res -plugin-opt=-pass-through=-lgcc -plugin-opt=-pass-through=-lc -plugin-opt=-pass-through=-lretrocrt -plugin-opt=-pass-through=-lInterface -elf2mac -q -undefined=_consolewrite -o cmTC_ec149 -L/home/camh/Retro68-build/toolchain/lib/gcc/m68k-apple-macos/9.1.0 -L/home/camh/Retro68-build/toolchain/lib/gcc/m68k-apple-macos/9.1.0/../../../../m68k-apple-macos/lib CMakeFiles/cmTC_ec149.dir/CMakeCXXCompilerABI.cpp.obj -lstdc++ -lm --start-group -lgcc -lc -lretrocrt -lInterface --end-group
COLLECT_GCC_OPTIONS='-v' '-o' 'cmTC_ec149' '-mcpu=68000'
make[1]: Leaving directory '/home/camh/Documents/Retro68kApps/NuklearQuickDraw/build/CMakeFiles/CMakeTmp'



Parsed CXX implicit include dir info from above output: rv=done
  found start of include info
  found start of implicit include info
    add: [/home/camh/Retro68-build/toolchain/lib/gcc/m68k-apple-macos/9.1.0/../../../../m68k-apple-macos/include/c++/9.1.0]
    add: [/home/camh/Retro68-build/toolchain/lib/gcc/m68k-apple-macos/9.1.0/../../../../m68k-apple-macos/include/c++/9.1.0/m68k-apple-macos]
    add: [/home/camh/Retro68-build/toolchain/lib/gcc/m68k-apple-macos/9.1.0/../../../../m68k-apple-macos/include/c++/9.1.0/backward]
    add: [/home/camh/Retro68-build/toolchain/lib/gcc/m68k-apple-macos/9.1.0/include]
    add: [/home/camh/Retro68-build/toolchain/lib/gcc/m68k-apple-macos/9.1.0/include-fixed]
    add: [/home/camh/Retro68-build/toolchain/lib/gcc/m68k-apple-macos/9.1.0/../../../../m68k-apple-macos/include]
  end of search list found
  collapse include dir [/home/camh/Retro68-build/toolchain/lib/gcc/m68k-apple-macos/9.1.0/../../../../m68k-apple-macos/include/c++/9.1.0] ==> [/home/camh/Retro68-build/toolchain/m68k-apple-macos/include/c++/9.1.0]
  collapse include dir [/home/camh/Retro68-build/toolchain/lib/gcc/m68k-apple-macos/9.1.0/../../../../m68k-apple-macos/include/c++/9.1.0/m68k-apple-macos] ==> [/home/camh/Retro68-build/toolchain/m68k-apple-macos/include/c++/9.1.0/m68k-apple-macos]
  collapse include dir [/home/camh/Retro68-build/toolchain/lib/gcc/m68k-apple-macos/9.1.0/../../../../m68k-apple-macos/include/c++/9.1.0/backward] ==> [/home/camh/Retro68-build/toolchain/m68k-apple-macos/include/c++/9.1.0/backward]
  collapse include dir [/home/camh/Retro68-build/toolchain/lib/gcc/m68k-apple-macos/9.1.0/include] ==> [/home/camh/Retro68-build/toolchain/lib/gcc/m68k-apple-macos/9.1.0/include]
  collapse include dir [/home/camh/Retro68-build/toolchain/lib/gcc/m68k-apple-macos/9.1.0/include-fixed] ==> [/home/camh/Retro68-build/toolchain/lib/gcc/m68k-apple-macos/9.1.0/include-fixed]
  collapse include dir [/home/camh/Retro68-build/toolchain/lib/gcc/m68k-apple-macos/9.1.0/../../../../m68k-apple-macos/include] ==> [/home/camh/Retro68-build/toolchain/m68k-apple-macos/include]
  implicit include dirs: [/home/camh/Retro68-build/toolchain/m68k-apple-macos/include/c++/9.1.0;/home/camh/Retro68-build/toolchain/m68k-apple-macos/include/c++/9.1.0/m68k-apple-macos;/home/camh/Retro68-build/toolchain/m68k-apple-macos/include/c++/9.1.0/backward;/home/camh/Retro68-build/toolchain/lib/gcc/m68k-apple-macos/9.1.0/include;/home/camh/Retro68-build/toolchain/lib/gcc/m68k-apple-macos/9.1.0/include-fixed;/home/camh/Retro68-build/toolchain/m68k-apple-macos/include]


Parsed CXX implicit link information from above output:
  link line regex: [^( *|.*[/\])(m68k-apple-macos-ld|CMAKE_LINK_STARTFILE-NOTFOUND|([^/\]+-)?ld|collect2)[^/\]*( |$)]
  ignore line: [Change Dir: /home/camh/Documents/Retro68kApps/NuklearQuickDraw/build/CMakeFiles/CMakeTmp]
  ignore line: []
  ignore line: [Run Build Command(s):/usr/bin/make cmTC_ec149/fast && /usr/bin/make -f CMakeFiles/cmTC_ec149.dir/build.make CMakeFiles/cmTC_ec149.dir/build]
  ignore line: [make[1]: Entering directory '/home/camh/Documents/Retro68kApps/NuklearQuickDraw/build/CMakeFiles/CMakeTmp']
  ignore line: [Building CXX object CMakeFiles/cmTC_ec149.dir/CMakeCXXCompilerABI.cpp.obj]
  ignore line: [/home/camh/Retro68-build/toolchain/bin/m68k-apple-macos-g++    -v -o CMakeFiles/cmTC_ec149.dir/CMakeCXXCompilerABI.cpp.obj -c /usr/share/cmake-3.16/Modules/CMakeCXXCompilerABI.cpp]
  ignore line: [Using built-in specs.]
  ignore line: [COLLECT_GCC=/home/camh/Retro68-build/toolchain/bin/m68k-apple-macos-g++]
  ignore line: [Target: m68k-apple-macos]
  ignore line: [Configured with: /home/camh/Retro68/gcc/configure --target=m68k-apple-macos --prefix=/home/camh/Retro68-build/toolchain/ --enable-languages=c c++ --with-arch=m68k --with-cpu=m68000 --disable-libssp MAKEINFO=missing]
  ignore line: [Thread model: single]
  ignore line: [gcc version 9.1.0 (GCC) ]
  ignore line: [COLLECT_GCC_OPTIONS='-v' '-o' 'CMakeFiles/cmTC_ec149.dir/CMakeCXXCompilerABI.cpp.obj' '-c' '-mcpu=68000']
  ignore line: [ /home/camh/Retro68-build/toolchain/libexec/gcc/m68k-apple-macos/9.1.0/cc1plus -quiet -v -Wno-trigraphs /usr/share/cmake-3.16/Modules/CMakeCXXCompilerABI.cpp -quiet -dumpbase CMakeCXXCompilerABI.cpp -mcpu=68000 -auxbase-strip CMakeFiles/cmTC_ec149.dir/CMakeCXXCompilerABI.cpp.obj -version -o /tmp/cc58RCfk.s]
  ignore line: [GNU C++14 (GCC) version 9.1.0 (m68k-apple-macos)]
  ignore line: [	compiled by GNU C version 9.3.0  GMP version 6.2.0  MPFR version 4.0.2  MPC version 1.1.0  isl version none]
  ignore line: [GGC heuristics: --param ggc-min-expand=100 --param ggc-min-heapsize=131072]
  ignore line: [ignoring nonexistent directory "/home/camh/Retro68-build/toolchain/lib/gcc/m68k-apple-macos/9.1.0/../../../../m68k-apple-macos/sys-include"]
  ignore line: [#include "..." search starts here:]
  ignore line: [#include <...> search starts here:]
  ignore line: [ /home/camh/Retro68-build/toolchain/lib/gcc/m68k-apple-macos/9.1.0/../../../../m68k-apple-macos/include/c++/9.1.0]
  ignore line: [ /home/camh/Retro68-build/toolchain/lib/gcc/m68k-apple-macos/9.1.0/../../../../m68k-apple-macos/include/c++/9.1.0/m68k-apple-macos]
  ignore line: [ /home/camh/Retro68-build/toolchain/lib/gcc/m68k-apple-macos/9.1.0/../../../../m68k-apple-macos/include/c++/9.1.0/backward]
  ignore line: [ /home/camh/Retro68-build/toolchain/lib/gcc/m68k-apple-macos/9.1.0/include]
  ignore line: [ /home/camh/Retro68-build/toolchain/lib/gcc/m68k-apple-macos/9.1.0/include-fixed]
  ignore line: [ /home/camh/Retro68-build/toolchain/lib/gcc/m68k-apple-macos/9.1.0/../../../../m68k-apple-macos/include]
  ignore line: [End of search list.]
  ignore line: [GNU C++14 (GCC) version 9.1.0 (m68k-apple-macos)]
  ignore line: [	compiled by GNU C version 9.3.0  GMP version 6.2.0  MPFR version 4.0.2  MPC version 1.1.0  isl version none]
  ignore line: [GGC heuristics: --param ggc-min-expand=100 --param ggc-min-heapsize=131072]
  ignore line: [Compiler executable checksum: 5b31867a30cfa7e65d4bce12c39f8a21]
  ignore line: [COLLECT_GCC_OPTIONS='-v' '-o' 'CMakeFiles/cmTC_ec149.dir/CMakeCXXCompilerABI.cpp.obj' '-c' '-mcpu=68000']
  ignore line: [ /home/camh/Retro68-build/toolchain/lib/gcc/m68k-apple-macos/9.1.0/../../../../m68k-apple-macos/bin/as -mcpu=68000 -o CMakeFiles/cmTC_ec149.dir/CMakeCXXCompilerABI.cpp.obj /tmp/cc58RCfk.s]
  ignore line: [COMPILER_PATH=/home/camh/Retro68-build/toolchain/libexec/gcc/m68k-apple-macos/9.1.0/:/home/camh/Retro68-build/toolchain/libexec/gcc/m68k-apple-macos/9.1.0/:/home/camh/Retro68-build/toolchain/libexec/gcc/m68k-apple-macos/:/home/camh/Retro68-build/toolchain/lib/gcc/m68k-apple-macos/9.1.0/:/home/camh/Retro68-build/toolchain/lib/gcc/m68k-apple-macos/:/home/camh/Retro68-build/toolchain/lib/gcc/m68k-apple-macos/9.1.0/../../../../m68k-apple-macos/bin/]
  ignore line: [LIBRARY_PATH=/home/camh/Retro68-build/toolchain/lib/gcc/m68k-apple-macos/9.1.0/:/home/camh/Retro68-build/toolchain/lib/gcc/m68k-apple-macos/9.1.0/../../../../m68k-apple-macos/lib/]
  ignore line: [COLLECT_GCC_OPTIONS='-v' '-o' 'CMakeFiles/cmTC_ec149.dir/CMakeCXXCompilerABI.cpp.obj' '-c' '-mcpu=68000']
  ignore line: [Linking CXX executable cmTC_ec149]
  ignore line: [/usr/bin/cmake -E cmake_link_script CMakeFiles/cmTC_ec149.dir/link.txt --verbose=1]
  ignore line: [/home/camh/Retro68-build/toolchain/bin/m68k-apple-macos-g++      -v CMakeFiles/cmTC_ec149.dir/CMakeCXXCompilerABI.cpp.obj  -o cmTC_ec149 ]
  ignore line: [Using built-in specs.]
  ignore line: [COLLECT_GCC=/home/camh/Retro68-build/toolchain/bin/m68k-apple-macos-g++]
  ignore line: [COLLECT_LTO_WRAPPER=/home/camh/Retro68-build/toolchain/libexec/gcc/m68k-apple-macos/9.1.0/lto-wrapper]
  ignore line: [Target: m68k-apple-macos]
  ignore line: [Configured with: /home/camh/Retro68/gcc/configure --target=m68k-apple-macos --prefix=/home/camh/Retro68-build/toolchain/ --enable-languages=c c++ --with-arch=m68k --with-cpu=m68000 --disable-libssp MAKEINFO=missing]
  ignore line: [Thread model: single]
  ignore line: [gcc version 9.1.0 (GCC) ]
  ignore line: [COMPILER_PATH=/home/camh/Retro68-build/toolchain/libexec/gcc/m68k-apple-macos/9.1.0/:/home/camh/Retro68-build/toolchain/libexec/gcc/m68k-apple-macos/9.1.0/:/home/camh/Retro68-build/toolchain/libexec/gcc/m68k-apple-macos/:/home/camh/Retro68-build/toolchain/lib/gcc/m68k-apple-macos/9.1.0/:/home/camh/Retro68-build/toolchain/lib/gcc/m68k-apple-macos/:/home/camh/Retro68-build/toolchain/lib/gcc/m68k-apple-macos/9.1.0/../../../../m68k-apple-macos/bin/]
  ignore line: [LIBRARY_PATH=/home/camh/Retro68-build/toolchain/lib/gcc/m68k-apple-macos/9.1.0/:/home/camh/Retro68-build/toolchain/lib/gcc/m68k-apple-macos/9.1.0/../../../../m68k-apple-macos/lib/]
  ignore line: [COLLECT_GCC_OPTIONS='-v' '-o' 'cmTC_ec149' '-mcpu=68000']
  link line: [ /home/camh/Retro68-build/toolchain/libexec/gcc/m68k-apple-macos/9.1.0/collect2 -plugin /home/camh/Retro68-build/toolchain/libexec/gcc/m68k-apple-macos/9.1.0/liblto_plugin.so -plugin-opt=/home/camh/Retro68-build/toolchain/libexec/gcc/m68k-apple-macos/9.1.0/lto-wrapper -plugin-opt=-fresolution=/tmp/ccPhpacO.res -plugin-opt=-pass-through=-lgcc -plugin-opt=-pass-through=-lc -plugin-opt=-pass-through=-lretrocrt -plugin-opt=-pass-through=-lInterface -elf2mac -q -undefined=_consolewrite -o cmTC_ec149 -L/home/camh/Retro68-build/toolchain/lib/gcc/m68k-apple-macos/9.1.0 -L/home/camh/Retro68-build/toolchain/lib/gcc/m68k-apple-macos/9.1.0/../../../../m68k-apple-macos/lib CMakeFiles/cmTC_ec149.dir/CMakeCXXCompilerABI.cpp.obj -lstdc++ -lm --start-group -lgcc -lc -lretrocrt -lInterface --end-group]
    arg [/home/camh/Retro68-build/toolchain/libexec/gcc/m68k-apple-macos/9.1.0/collect2] ==> ignore
    arg [-plugin] ==> ignore
    arg [/home/camh/Retro68-build/toolchain/libexec/gcc/m68k-apple-macos/9.1.0/liblto_plugin.so] ==> ignore
    arg [-plugin-opt=/home/camh/Retro68-build/toolchain/libexec/gcc/m68k-apple-macos/9.1.0/lto-wrapper] ==> ignore
    arg [-plugin-opt=-fresolution=/tmp/ccPhpacO.res] ==> ignore
    arg [-plugin-opt=-pass-through=-lgcc] ==> ignore
    arg [-plugin-opt=-pass-through=-lc] ==> ignore
    arg [-plugin-opt=-pass-through=-lretrocrt] ==> ignore
    arg [-plugin-opt=-pass-through=-lInterface] ==> ignore
    arg [-elf2mac] ==> ignore
    arg [-q] ==> ignore
    arg [-undefined=_consolewrite] ==> ignore
    arg [-o] ==> ignore
    arg [cmTC_ec149] ==> ignore
    arg [-L/home/camh/Retro68-build/toolchain/lib/gcc/m68k-apple-macos/9.1.0] ==> dir [/home/camh/Retro68-build/toolchain/lib/gcc/m68k-apple-macos/9.1.0]
    arg [-L/home/camh/Retro68-build/toolchain/lib/gcc/m68k-apple-macos/9.1.0/../../../../m68k-apple-macos/lib] ==> dir [/home/camh/Retro68-build/toolchain/lib/gcc/m68k-apple-macos/9.1.0/../../../../m68k-apple-macos/lib]
    arg [CMakeFiles/cmTC_ec149.dir/CMakeCXXCompilerABI.cpp.obj] ==> ignore
    arg [-lstdc++] ==> lib [stdc++]
    arg [-lm] ==> lib [m]
    arg [--start-group] ==> ignore
    arg [-lgcc] ==> lib [gcc]
    arg [-lc] ==> lib [c]
    arg [-lretrocrt] ==> lib [retrocrt]
    arg [-lInterface] ==> lib [Interface]
    arg [--end-group] ==> ignore
  collapse library dir [/home/camh/Retro68-build/toolchain/lib/gcc/m68k-apple-macos/9.1.0] ==> [/home/camh/Retro68-build/toolchain/lib/gcc/m68k-apple-macos/9.1.0]
  collapse library dir [/home/camh/Retro68-build/toolchain/lib/gcc/m68k-apple-macos/9.1.0/../../../../m68k-apple-macos/lib] ==> [/home/camh/Retro68-build/toolchain/m68k-apple-macos/lib]
  implicit libs: [stdc++;m;gcc;c;retrocrt;Interface]
  implicit dirs: [/home/camh/Retro68-build/toolchain/lib/gcc/m68k-apple-macos/9.1.0;/home/camh/Retro68-build/toolchain/m68k-apple-macos/lib]
  implicit fwks: []


